[2016-05-16 14:33:02] local.ERROR: exception 'ErrorException' with message 'Argument 1 passed to App\Objects\Role::getEffectableRoles() must be an instance of App\Objects\User, null given, called in /home/edward/Desktop/work/menu/app/Objects/User.php on line 68 and defined' in /home/edward/Desktop/work/menu/app/Objects/Role.php:29
Stack trace:
#0 /home/edward/Desktop/work/menu/app/Objects/Role.php(29): Illuminate\Foundation\Bootstrap\HandleExceptions->handleError(4096, 'Argument 1 pass...', '/home/edward/De...', 29, Array)
#1 /home/edward/Desktop/work/menu/app/Objects/User.php(68): App\Objects\Role::getEffectableRoles(NULL)
#2 [internal function]: App\Objects\User->scopeViewable(Object(Illuminate\Database\Eloquent\Builder), NULL)
#3 /home/edward/Desktop/work/menu/vendor/laravel/framework/src/Illuminate/Database/Eloquent/Builder.php(1065): call_user_func_array(Array, Array)
#4 /home/edward/Desktop/work/menu/vendor/laravel/framework/src/Illuminate/Database/Eloquent/Builder.php(1333): Illuminate\Database\Eloquent\Builder->callScope('scopeViewable', Array)
#5 [internal function]: Illuminate\Database\Eloquent\Builder->__call('viewable', Array)
#6 [internal function]: Illuminate\Database\Eloquent\Builder->viewable(NULL)
#7 /home/edward/Desktop/work/menu/vendor/laravel/framework/src/Illuminate/Database/Eloquent/Model.php(3493): call_user_func_array(Array, Array)
#8 [internal function]: Illuminate\Database\Eloquent\Model->__call('viewable', Array)
#9 [internal function]: App\Objects\User->viewable(NULL)
#10 /home/edward/Desktop/work/menu/vendor/laravel/framework/src/Illuminate/Database/Eloquent/Model.php(3507): call_user_func_array(Array, Array)
#11 /home/edward/Desktop/work/menu/app/Http/Controllers/Api/AccountSys/UserController.php(26): Illuminate\Database\Eloquent\Model::__callStatic('viewable', Array)
#12 /home/edward/Desktop/work/menu/app/Http/Controllers/Api/AccountSys/UserController.php(26): App\Objects\User::viewable(NULL)
#13 [internal function]: App\Http\Controllers\Api\AccountSys\UserController->index()
#14 /home/edward/Desktop/work/menu/vendor/laravel/framework/src/Illuminate/Routing/Controller.php(80): call_user_func_array(Array, Array)
#15 /home/edward/Desktop/work/menu/vendor/laravel/framework/src/Illuminate/Routing/ControllerDispatcher.php(146): Illuminate\Routing\Controller->callAction('index', Array)
#16 /home/edward/Desktop/work/menu/vendor/laravel/framework/src/Illuminate/Routing/ControllerDispatcher.php(94): Illuminate\Routing\ControllerDispatcher->call(Object(App\Http\Controllers\Api\AccountSys\UserController), Object(Illuminate\Routing\Route), 'index')
#17 [internal function]: Illuminate\Routing\ControllerDispatcher->Illuminate\Routing\{closure}(Object(Illuminate\Http\Request))
#18 /home/edward/Desktop/work/menu/vendor/laravel/framework/src/Illuminate/Routing/Pipeline.php(52): call_user_func(Object(Closure), Object(Illuminate\Http\Request))
#19 [internal function]: Illuminate\Routing\Pipeline->Illuminate\Routing\{closure}(Object(Illuminate\Http\Request))
#20 /home/edward/Desktop/work/menu/vendor/laravel/framework/src/Illuminate/Pipeline/Pipeline.php(103): call_user_func(Object(Closure), Object(Illuminate\Http\Request))
#21 /home/edward/Desktop/work/menu/vendor/laravel/framework/src/Illuminate/Routing/ControllerDispatcher.php(96): Illuminate\Pipeline\Pipeline->then(Object(Closure))
#22 /home/edward/Desktop/work/menu/vendor/laravel/framework/src/Illuminate/Routing/ControllerDispatcher.php(54): Illuminate\Routing\ControllerDispatcher->callWithinStack(Object(App\Http\Controllers\Api\AccountSys\UserController), Object(Illuminate\Routing\Route), Object(Illuminate\Http\Request), 'index')
#23 /home/edward/Desktop/work/menu/vendor/laravel/framework/src/Illuminate/Routing/Route.php(174): Illuminate\Routing\ControllerDispatcher->dispatch(Object(Illuminate\Routing\Route), Object(Illuminate\Http\Request), 'App\\Http\\Contro...', 'index')
#24 /home/edward/Desktop/work/menu/vendor/laravel/framework/src/Illuminate/Routing/Route.php(140): Illuminate\Routing\Route->runController(Object(Illuminate\Http\Request))
#25 /home/edward/Desktop/work/menu/vendor/laravel/framework/src/Illuminate/Routing/Router.php(724): Illuminate\Routing\Route->run(Object(Illuminate\Http\Request))
#26 [internal function]: Illuminate\Routing\Router->Illuminate\Routing\{closure}(Object(Illuminate\Http\Request))
#27 /home/edward/Desktop/work/menu/vendor/laravel/framework/src/Illuminate/Routing/Pipeline.php(52): call_user_func(Object(Closure), Object(Illuminate\Http\Request))
#28 /home/edward/Desktop/work/menu/vendor/laravel/framework/src/Illuminate/Foundation/Http/Middleware/VerifyCsrfToken.php(64): Illuminate\Routing\Pipeline->Illuminate\Routing\{closure}(Object(Illuminate\Http\Request))
#29 [internal function]: Illuminate\Foundation\Http\Middleware\VerifyCsrfToken->handle(Object(Illuminate\Http\Request), Object(Closure))
#30 /home/edward/Desktop/work/menu/vendor/laravel/framework/src/Illuminate/Pipeline/Pipeline.php(136): call_user_func_array(Array, Array)
#31 [internal function]: Illuminate\Pipeline\Pipeline->Illuminate\Pipeline\{closure}(Object(Illuminate\Http\Request))
#32 /home/edward/Desktop/work/menu/vendor/laravel/framework/src/Illuminate/Routing/Pipeline.php(32): call_user_func(Object(Closure), Object(Illuminate\Http\Request))
#33 /home/edward/Desktop/work/menu/vendor/laravel/framework/src/Illuminate/View/Middleware/ShareErrorsFromSession.php(49): Illuminate\Routing\Pipeline->Illuminate\Routing\{closure}(Object(Illuminate\Http\Request))
#34 [internal function]: Illuminate\View\Middleware\ShareErrorsFromSession->handle(Object(Illuminate\Http\Request), Object(Closure))
#35 /home/edward/Desktop/work/menu/vendor/laravel/framework/src/Illuminate/Pipeline/Pipeline.php(136): call_user_func_array(Array, Array)
#36 [internal function]: Illuminate\Pipeline\Pipeline->Illuminate\Pipeline\{closure}(Object(Illuminate\Http\Request))
#37 /home/edward/Desktop/work/menu/vendor/laravel/framework/src/Illuminate/Routing/Pipeline.php(32): call_user_func(Object(Closure), Object(Illuminate\Http\Request))
#38 /home/edward/Desktop/work/menu/vendor/laravel/framework/src/Illuminate/Session/Middleware/StartSession.php(62): Illuminate\Routing\Pipeline->Illuminate\Routing\{closure}(Object(Illuminate\Http\Request))
#39 [internal function]: Illuminate\Session\Middleware\StartSession->handle(Object(Illuminate\Http\Request), Object(Closure))
#40 /home/edward/Desktop/work/menu/vendor/laravel/framework/src/Illuminate/Pipeline/Pipeline.php(136): call_user_func_array(Array, Array)
#41 [internal function]: Illuminate\Pipeline\Pipeline->Illuminate\Pipeline\{closure}(Object(Illuminate\Http\Request))
#42 /home/edward/Desktop/work/menu/vendor/laravel/framework/src/Illuminate/Routing/Pipeline.php(32): call_user_func(Object(Closure), Object(Illuminate\Http\Request))
#43 /home/edward/Desktop/work/menu/vendor/laravel/framework/src/Illuminate/Cookie/Middleware/AddQueuedCookiesToResponse.php(37): Illuminate\Routing\Pipeline->Illuminate\Routing\{closure}(Object(Illuminate\Http\Request))
#44 [internal function]: Illuminate\Cookie\Middleware\AddQueuedCookiesToResponse->handle(Object(Illuminate\Http\Request), Object(Closure))
#45 /home/edward/Desktop/work/menu/vendor/laravel/framework/src/Illuminate/Pipeline/Pipeline.php(136): call_user_func_array(Array, Array)
#46 [internal function]: Illuminate\Pipeline\Pipeline->Illuminate\Pipeline\{closure}(Object(Illuminate\Http\Request))
#47 /home/edward/Desktop/work/menu/vendor/laravel/framework/src/Illuminate/Routing/Pipeline.php(32): call_user_func(Object(Closure), Object(Illuminate\Http\Request))
#48 /home/edward/Desktop/work/menu/vendor/laravel/framework/src/Illuminate/Cookie/Middleware/EncryptCookies.php(59): Illuminate\Routing\Pipeline->Illuminate\Routing\{closure}(Object(Illuminate\Http\Request))
#49 [internal function]: Illuminate\Cookie\Middleware\EncryptCookies->handle(Object(Illuminate\Http\Request), Object(Closure))
#50 /home/edward/Desktop/work/menu/vendor/laravel/framework/src/Illuminate/Pipeline/Pipeline.php(136): call_user_func_array(Array, Array)
#51 [internal function]: Illuminate\Pipeline\Pipeline->Illuminate\Pipeline\{closure}(Object(Illuminate\Http\Request))
#52 /home/edward/Desktop/work/menu/vendor/laravel/framework/src/Illuminate/Routing/Pipeline.php(32): call_user_func(Object(Closure), Object(Illuminate\Http\Request))
#53 [internal function]: Illuminate\Routing\Pipeline->Illuminate\Routing\{closure}(Object(Illuminate\Http\Request))
#54 /home/edward/Desktop/work/menu/vendor/laravel/framework/src/Illuminate/Pipeline/Pipeline.php(103): call_user_func(Object(Closure), Object(Illuminate\Http\Request))
#55 /home/edward/Desktop/work/menu/vendor/laravel/framework/src/Illuminate/Routing/Router.php(726): Illuminate\Pipeline\Pipeline->then(Object(Closure))
#56 /home/edward/Desktop/work/menu/vendor/laravel/framework/src/Illuminate/Routing/Router.php(699): Illuminate\Routing\Router->runRouteWithinStack(Object(Illuminate\Routing\Route), Object(Illuminate\Http\Request))
#57 /home/edward/Desktop/work/menu/vendor/laravel/framework/src/Illuminate/Routing/Router.php(675): Illuminate\Routing\Router->dispatchToRoute(Object(Illuminate\Http\Request))
#58 /home/edward/Desktop/work/menu/vendor/laravel/framework/src/Illuminate/Foundation/Http/Kernel.php(246): Illuminate\Routing\Router->dispatch(Object(Illuminate\Http\Request))
#59 [internal function]: Illuminate\Foundation\Http\Kernel->Illuminate\Foundation\Http\{closure}(Object(Illuminate\Http\Request))
#60 /home/edward/Desktop/work/menu/vendor/laravel/framework/src/Illuminate/Routing/Pipeline.php(52): call_user_func(Object(Closure), Object(Illuminate\Http\Request))
#61 /home/edward/Desktop/work/menu/vendor/laravel/framework/src/Illuminate/Foundation/Http/Middleware/CheckForMaintenanceMode.php(44): Illuminate\Routing\Pipeline->Illuminate\Routing\{closure}(Object(Illuminate\Http\Request))
#62 [internal function]: Illuminate\Foundation\Http\Middleware\CheckForMaintenanceMode->handle(Object(Illuminate\Http\Request), Object(Closure))
#63 /home/edward/Desktop/work/menu/vendor/laravel/framework/src/Illuminate/Pipeline/Pipeline.php(136): call_user_func_array(Array, Array)
#64 [internal function]: Illuminate\Pipeline\Pipeline->Illuminate\Pipeline\{closure}(Object(Illuminate\Http\Request))
#65 /home/edward/Desktop/work/menu/vendor/laravel/framework/src/Illuminate/Routing/Pipeline.php(32): call_user_func(Object(Closure), Object(Illuminate\Http\Request))
#66 [internal function]: Illuminate\Routing\Pipeline->Illuminate\Routing\{closure}(Object(Illuminate\Http\Request))
#67 /home/edward/Desktop/work/menu/vendor/laravel/framework/src/Illuminate/Pipeline/Pipeline.php(103): call_user_func(Object(Closure), Object(Illuminate\Http\Request))
#68 /home/edward/Desktop/work/menu/vendor/laravel/framework/src/Illuminate/Foundation/Http/Kernel.php(132): Illuminate\Pipeline\Pipeline->then(Object(Closure))
#69 /home/edward/Desktop/work/menu/vendor/laravel/framework/src/Illuminate/Foundation/Http/Kernel.php(99): Illuminate\Foundation\Http\Kernel->sendRequestThroughRouter(Object(Illuminate\Http\Request))
#70 /home/edward/Desktop/work/menu/public/index.php(54): Illuminate\Foundation\Http\Kernel->handle(Object(Illuminate\Http\Request))
#71 /home/edward/Desktop/work/menu/server.php(21): require_once('/home/edward/De...')
#72 {main}  
[2016-05-16 14:40:04] local.ERROR: exception 'Symfony\Component\Debug\Exception\FatalErrorException' with message 'Class 'App\Http\Controllers\Api\AccountSys\Controller' not found' in /home/edward/Desktop/work/menu/app/Http/Controllers/Api/AccountSys/AuthController.php:13
Stack trace:
#0 {main}  
[2016-05-16 14:40:08] local.ERROR: exception 'Symfony\Component\Debug\Exception\FatalErrorException' with message 'Class 'App\Http\Controllers\Api\AccountSys\Controller' not found' in /home/edward/Desktop/work/menu/app/Http/Controllers/Api/AccountSys/AuthController.php:13
Stack trace:
#0 {main}  
[2016-05-16 14:40:28] local.ERROR: exception 'Symfony\Component\Debug\Exception\FatalErrorException' with message 'Class 'App\Http\Controllers\Api\AccountSys\Controller' not found' in /home/edward/Desktop/work/menu/app/Http/Controllers/Api/AccountSys/AuthController.php:13
Stack trace:
#0 {main}  
[2016-05-16 14:41:18] local.ERROR: exception 'Symfony\Component\Debug\Exception\FatalErrorException' with message 'Class 'App\Http\Controllers\Api\AccountSys\Controller' not found' in /home/edward/Desktop/work/menu/app/Http/Controllers/Api/AccountSys/AuthController.php:13
Stack trace:
#0 {main}  
[2016-05-16 14:43:45] local.ERROR: exception 'Symfony\Component\Debug\Exception\FatalErrorException' with message 'Class 'App\Http\Controllers\Api\AccountSys\Controller' not found' in /home/edward/Desktop/work/menu/app/Http/Controllers/Api/AccountSys/AuthController.php:13
Stack trace:
#0 {main}  
[2016-05-16 14:49:45] local.ERROR: exception 'Symfony\Component\Debug\Exception\FatalErrorException' with message 'Class 'App\Http\Controllers\Api\AccountSys\Redirect' not found' in /home/edward/Desktop/work/menu/app/Http/Controllers/Api/AccountSys/AuthController.php:37
Stack trace:
#0 {main}  
